<?xml version="1.0" encoding="UTF-8"?>
<testsuite name="edu.uoc.nertia.model.stack.UndoStackTest" tests="5" skipped="0" failures="0" errors="0" timestamp="2022-10-15T11:30:06" hostname="MacBook-Air-de-Joan.local" time="0.002">
  <properties/>
  <testcase name="Advanced - Class definition" classname="edu.uoc.nertia.model.stack.UndoStackTest" time="0.0"/>
  <testcase name="Advanced - Methods definition" classname="edu.uoc.nertia.model.stack.UndoStackTest" time="0.001"/>
  <testcase name="Advanced - getNumPops" classname="edu.uoc.nertia.model.stack.UndoStackTest" time="0.0"/>
  <testcase name="Advanced - pop" classname="edu.uoc.nertia.model.stack.UndoStackTest" time="0.0"/>
  <testcase name="Advanced - Fields definition" classname="edu.uoc.nertia.model.stack.UndoStackTest" time="0.0"/>
  <system-out><![CDATA[]]></system-out>
  <system-err><![CDATA[]]></system-err>
</testsuite>
