<?xml version="1.0" encoding="UTF-8"?>
<testsuite name="edu.uoc.nertia.model.utils.PositionTest" tests="7" skipped="0" failures="0" errors="0" timestamp="2022-10-15T11:30:05" hostname="MacBook-Air-de-Joan.local" time="0.004">
  <properties/>
  <testcase name="Sanity - Class definition" classname="edu.uoc.nertia.model.utils.PositionTest" time="0.001"/>
  <testcase name="Sanity - Methods definition" classname="edu.uoc.nertia.model.utils.PositionTest" time="0.0"/>
  <testcase name="Minimum - getRow" classname="edu.uoc.nertia.model.utils.PositionTest" time="0.001"/>
  <testcase name="Minimum - offsetBy with 2 parameters" classname="edu.uoc.nertia.model.utils.PositionTest" time="0.001"/>
  <testcase name="Minimum - offsetBy with 3 parameters" classname="edu.uoc.nertia.model.utils.PositionTest" time="0.0"/>
  <testcase name="Minimum - getColumn" classname="edu.uoc.nertia.model.utils.PositionTest" time="0.0"/>
  <testcase name="Sanity - Fields definition" classname="edu.uoc.nertia.model.utils.PositionTest" time="0.001"/>
  <system-out><![CDATA[]]></system-out>
  <system-err><![CDATA[]]></system-err>
</testsuite>
