<?xml version="1.0" encoding="UTF-8"?>
<testsuite name="edu.uoc.nertia.model.leaderboard.LeaderBoardTest" tests="6" skipped="0" failures="0" errors="0" timestamp="2022-10-15T11:24:56" hostname="MacBook-Air-de-Joan.local" time="0.025">
  <properties/>
  <testcase name="Advanced - Class definition" classname="edu.uoc.nertia.model.leaderboard.LeaderBoardTest" time="0.0"/>
  <testcase name="Advanced - Methods definition" classname="edu.uoc.nertia.model.leaderboard.LeaderBoardTest" time="0.001"/>
  <testcase name="Advanced - isInTheTop" classname="edu.uoc.nertia.model.leaderboard.LeaderBoardTest" time="0.0"/>
  <testcase name="Advanced - add + toString" classname="edu.uoc.nertia.model.leaderboard.LeaderBoardTest" time="0.024"/>
  <testcase name="Advanced - Fields definition" classname="edu.uoc.nertia.model.leaderboard.LeaderBoardTest" time="0.0"/>
  <testcase name="Advanced - Constructor + getMaxScores" classname="edu.uoc.nertia.model.leaderboard.LeaderBoardTest" time="0.0"/>
  <system-out><![CDATA[]]></system-out>
  <system-err><![CDATA[]]></system-err>
</testsuite>
